28-04-2020 15:03:55 [main] INFO  BasePage:14 - Launching the browser.........
28-04-2020 15:04:06 [main] ERROR BasePage:303 - Exception! waiting for the URL: http://www.webdriveruniversity.com/Contact-Us/contactus.html,  Exception: Expected condition failed: waiting for url to match the regex "http://www.webdriveruniversity.com/Contact-Us/contactus.html". Current url: "data:," (tried for 10 second(s) with 500 milliseconds interval)
Build info: version: '3.11.0', revision: 'e59cfb3', time: '2018-03-11T20:26:55.152Z'
System info: host: 'LAPTOP-LERH1RJE', ip: '192.168.1.64', os.name: 'Windows 10', os.arch: 'amd64', os.version: '10.0', java.version: '1.8.0_241'
Driver info: org.openqa.selenium.chrome.ChromeDriver
Capabilities {acceptInsecureCerts: false, acceptSslCerts: false, applicationCacheEnabled: false, browserConnectionEnabled: false, browserName: chrome, chrome: {chromedriverVersion: 2.38.552522 (437e6fbedfa876..., userDataDir: C:\Users\44750\AppData\Loca...}, cssSelectorsEnabled: true, databaseEnabled: false, handlesAlerts: true, hasTouchScreen: false, javascriptEnabled: true, locationContextEnabled: true, mobileEmulationEnabled: false, nativeEvents: true, networkConnectionEnabled: false, pageLoadStrategy: normal, platform: XP, platformName: XP, rotatable: false, setWindowRect: true, takesHeapSnapshot: true, takesScreenshot: true, unexpectedAlertBehaviour: , unhandledPromptBehavior: , version: 81.0.4044.122, webStorageEnabled: true}
Session ID: 0376358a1107e3ee9bd57f9991a246e6
28-04-2020 15:04:08 [main] INFO  BasePage:239 - WebElement is visible using locator: <[[ChromeDriver: chrome on XP (0376358a1107e3ee9bd57f9991a246e6)] -> xpath: //input[@placeholder='First Name']]>
28-04-2020 15:04:09 [main] INFO  BasePage:172 - Successfully Sent the following keys: 'James' to element: <[[ChromeDriver: chrome on XP (0376358a1107e3ee9bd57f9991a246e6)] -> xpath: //input[@placeholder='First Name']]>
28-04-2020 15:04:09 [main] INFO  BasePage:239 - WebElement is visible using locator: <[[ChromeDriver: chrome on XP (0376358a1107e3ee9bd57f9991a246e6)] -> xpath: //input[@name='last_name']]>
28-04-2020 15:04:09 [main] INFO  BasePage:172 - Successfully Sent the following keys: 'Bond' to element: <[[ChromeDriver: chrome on XP (0376358a1107e3ee9bd57f9991a246e6)] -> xpath: //input[@name='last_name']]>
28-04-2020 15:04:09 [main] INFO  BasePage:239 - WebElement is visible using locator: <[[ChromeDriver: chrome on XP (0376358a1107e3ee9bd57f9991a246e6)] -> xpath: //input[@name='email']]>
28-04-2020 15:04:09 [main] INFO  BasePage:172 - Successfully Sent the following keys: 'jamesbond@aol.com' to element: <[[ChromeDriver: chrome on XP (0376358a1107e3ee9bd57f9991a246e6)] -> xpath: //input[@name='email']]>
28-04-2020 15:04:10 [main] INFO  BasePage:239 - WebElement is visible using locator: <[[ChromeDriver: chrome on XP (0376358a1107e3ee9bd57f9991a246e6)] -> xpath: //textarea[@name='message']]>
28-04-2020 15:04:10 [main] INFO  BasePage:172 - Successfully Sent the following keys: 'This is James Bond 007' to element: <[[ChromeDriver: chrome on XP (0376358a1107e3ee9bd57f9991a246e6)] -> xpath: //textarea[@name='message']]>
28-04-2020 15:04:11 [main] INFO  BasePage:62 - Successfully clicked on the WebElement: <Proxy element for: DefaultElementLocator 'By.xpath: //div[@class='text-center']//input[2]'>
28-04-2020 15:04:21 [main] INFO  BasePage:14 - Launching the browser.........
28-04-2020 15:04:31 [main] ERROR BasePage:303 - Exception! waiting for the URL: http://www.webdriveruniversity.com/Contact-Us/contactus.html,  Exception: Expected condition failed: waiting for url to match the regex "http://www.webdriveruniversity.com/Contact-Us/contactus.html". Current url: "data:," (tried for 10 second(s) with 500 milliseconds interval)
Build info: version: '3.11.0', revision: 'e59cfb3', time: '2018-03-11T20:26:55.152Z'
System info: host: 'LAPTOP-LERH1RJE', ip: '192.168.1.64', os.name: 'Windows 10', os.arch: 'amd64', os.version: '10.0', java.version: '1.8.0_241'
Driver info: org.openqa.selenium.chrome.ChromeDriver
Capabilities {acceptInsecureCerts: false, acceptSslCerts: false, applicationCacheEnabled: false, browserConnectionEnabled: false, browserName: chrome, chrome: {chromedriverVersion: 2.38.552522 (437e6fbedfa876..., userDataDir: C:\Users\44750\AppData\Loca...}, cssSelectorsEnabled: true, databaseEnabled: false, handlesAlerts: true, hasTouchScreen: false, javascriptEnabled: true, locationContextEnabled: true, mobileEmulationEnabled: false, nativeEvents: true, networkConnectionEnabled: false, pageLoadStrategy: normal, platform: XP, platformName: XP, rotatable: false, setWindowRect: true, takesHeapSnapshot: true, takesScreenshot: true, unexpectedAlertBehaviour: , unhandledPromptBehavior: , version: 81.0.4044.122, webStorageEnabled: true}
Session ID: 1b4de45bf7e1aa5fe54f4073fea5fc5b
28-04-2020 15:04:33 [main] INFO  BasePage:239 - WebElement is visible using locator: <[[ChromeDriver: chrome on XP (1b4de45bf7e1aa5fe54f4073fea5fc5b)] -> xpath: //input[@placeholder='First Name']]>
28-04-2020 15:04:33 [main] INFO  BasePage:172 - Successfully Sent the following keys: 'James' to element: <[[ChromeDriver: chrome on XP (1b4de45bf7e1aa5fe54f4073fea5fc5b)] -> xpath: //input[@placeholder='First Name']]>
28-04-2020 15:04:33 [main] INFO  BasePage:239 - WebElement is visible using locator: <[[ChromeDriver: chrome on XP (1b4de45bf7e1aa5fe54f4073fea5fc5b)] -> xpath: //input[@name='last_name']]>
28-04-2020 15:04:34 [main] INFO  BasePage:172 - Successfully Sent the following keys: 'Bond' to element: <[[ChromeDriver: chrome on XP (1b4de45bf7e1aa5fe54f4073fea5fc5b)] -> xpath: //input[@name='last_name']]>
28-04-2020 15:04:34 [main] INFO  BasePage:239 - WebElement is visible using locator: <[[ChromeDriver: chrome on XP (1b4de45bf7e1aa5fe54f4073fea5fc5b)] -> xpath: //input[@name='email']]>
28-04-2020 15:04:34 [main] INFO  BasePage:172 - Successfully Sent the following keys: 'jamesbond@' to element: <[[ChromeDriver: chrome on XP (1b4de45bf7e1aa5fe54f4073fea5fc5b)] -> xpath: //input[@name='email']]>
28-04-2020 15:04:35 [main] INFO  BasePage:239 - WebElement is visible using locator: <[[ChromeDriver: chrome on XP (1b4de45bf7e1aa5fe54f4073fea5fc5b)] -> xpath: //textarea[@name='message']]>
28-04-2020 15:04:36 [main] INFO  BasePage:172 - Successfully Sent the following keys: 'This is not James Bond 007 but BatMan' to element: <[[ChromeDriver: chrome on XP (1b4de45bf7e1aa5fe54f4073fea5fc5b)] -> xpath: //textarea[@name='message']]>
28-04-2020 15:04:37 [main] INFO  BasePage:62 - Successfully clicked on the WebElement: <Proxy element for: DefaultElementLocator 'By.xpath: //div[@class='text-center']//input[2]'>
28-04-2020 15:04:47 [main] INFO  BasePage:14 - Launching the browser.........
28-04-2020 15:04:58 [main] ERROR BasePage:303 - Exception! waiting for the URL: http://www.webdriveruniversity.com/Page-Object-Model/products.html,  Exception: Expected condition failed: waiting for url to match the regex "http://www.webdriveruniversity.com/Page-Object-Model/products.html". Current url: "data:," (tried for 10 second(s) with 500 milliseconds interval)
Build info: version: '3.11.0', revision: 'e59cfb3', time: '2018-03-11T20:26:55.152Z'
System info: host: 'LAPTOP-LERH1RJE', ip: '192.168.1.64', os.name: 'Windows 10', os.arch: 'amd64', os.version: '10.0', java.version: '1.8.0_241'
Driver info: org.openqa.selenium.chrome.ChromeDriver
Capabilities {acceptInsecureCerts: false, acceptSslCerts: false, applicationCacheEnabled: false, browserConnectionEnabled: false, browserName: chrome, chrome: {chromedriverVersion: 2.38.552522 (437e6fbedfa876..., userDataDir: C:\Users\44750\AppData\Loca...}, cssSelectorsEnabled: true, databaseEnabled: false, handlesAlerts: true, hasTouchScreen: false, javascriptEnabled: true, locationContextEnabled: true, mobileEmulationEnabled: false, nativeEvents: true, networkConnectionEnabled: false, pageLoadStrategy: normal, platform: XP, platformName: XP, rotatable: false, setWindowRect: true, takesHeapSnapshot: true, takesScreenshot: true, unexpectedAlertBehaviour: , unhandledPromptBehavior: , version: 81.0.4044.122, webStorageEnabled: true}
Session ID: 59eb49c2c246cabfe76692e6bce1149e
28-04-2020 15:04:59 [main] INFO  BasePage:251 - Element is visible using By locator: <By.cssSelector: #special-offers>
28-04-2020 15:05:07 [main] INFO  BasePage:239 - WebElement is visible using locator: <[[ChromeDriver: chrome on XP (59eb49c2c246cabfe76692e6bce1149e)] -> xpath: .//*[@id='myModal']//b[contains(text(),'NEWCUSTOMER')]]>
28-04-2020 15:05:07 [main] INFO  BasePage:62 - Successfully clicked on the WebElement: <[[ChromeDriver: chrome on XP (59eb49c2c246cabfe76692e6bce1149e)] -> xpath: //button[text()='Proceed']]>
28-04-2020 16:24:56 [main] INFO  BasePage:14 - Launching the browser.........
28-04-2020 16:25:07 [main] ERROR BasePage:304 - Exception! waiting for the URL: http://www.webdriveruniversity.com/Contact-Us/contactus.html,  Exception: Expected condition failed: waiting for url to match the regex "http://www.webdriveruniversity.com/Contact-Us/contactus.html". Current url: "data:," (tried for 10 second(s) with 500 milliseconds interval)
Build info: version: '3.11.0', revision: 'e59cfb3', time: '2018-03-11T20:26:55.152Z'
System info: host: 'LAPTOP-LERH1RJE', ip: '192.168.1.64', os.name: 'Windows 10', os.arch: 'amd64', os.version: '10.0', java.version: '1.8.0_241'
Driver info: org.openqa.selenium.chrome.ChromeDriver
Capabilities {acceptInsecureCerts: false, acceptSslCerts: false, applicationCacheEnabled: false, browserConnectionEnabled: false, browserName: chrome, chrome: {chromedriverVersion: 2.38.552522 (437e6fbedfa876..., userDataDir: C:\Users\44750\AppData\Loca...}, cssSelectorsEnabled: true, databaseEnabled: false, handlesAlerts: true, hasTouchScreen: false, javascriptEnabled: true, locationContextEnabled: true, mobileEmulationEnabled: false, nativeEvents: true, networkConnectionEnabled: false, pageLoadStrategy: normal, platform: XP, platformName: XP, rotatable: false, setWindowRect: true, takesHeapSnapshot: true, takesScreenshot: true, unexpectedAlertBehaviour: , unhandledPromptBehavior: , version: 81.0.4044.122, webStorageEnabled: true}
Session ID: 356efec2d02f2d7ccf2be51e6f8ca2a4
