28-04-2020 16:25:08 [main] INFO  BasePage:240 - WebElement is visible using locator: <[[ChromeDriver: chrome on XP (356efec2d02f2d7ccf2be51e6f8ca2a4)] -> xpath: //input[@placeholder='First Name']]>
28-04-2020 16:25:09 [main] INFO  BasePage:173 - Successfully Sent the following keys: 'James' to element: <[[ChromeDriver: chrome on XP (356efec2d02f2d7ccf2be51e6f8ca2a4)] -> xpath: //input[@placeholder='First Name']]>
28-04-2020 16:25:09 [main] INFO  BasePage:240 - WebElement is visible using locator: <[[ChromeDriver: chrome on XP (356efec2d02f2d7ccf2be51e6f8ca2a4)] -> xpath: //input[@name='last_name']]>
28-04-2020 16:25:09 [main] INFO  BasePage:173 - Successfully Sent the following keys: 'Bond' to element: <[[ChromeDriver: chrome on XP (356efec2d02f2d7ccf2be51e6f8ca2a4)] -> xpath: //input[@name='last_name']]>
28-04-2020 16:25:09 [main] INFO  BasePage:240 - WebElement is visible using locator: <[[ChromeDriver: chrome on XP (356efec2d02f2d7ccf2be51e6f8ca2a4)] -> xpath: //input[@name='email']]>
28-04-2020 16:25:10 [main] INFO  BasePage:173 - Successfully Sent the following keys: 'jamesbond@aol.com' to element: <[[ChromeDriver: chrome on XP (356efec2d02f2d7ccf2be51e6f8ca2a4)] -> xpath: //input[@name='email']]>
28-04-2020 16:25:10 [main] INFO  BasePage:240 - WebElement is visible using locator: <[[ChromeDriver: chrome on XP (356efec2d02f2d7ccf2be51e6f8ca2a4)] -> xpath: //textarea[@name='message']]>
28-04-2020 16:25:11 [main] INFO  BasePage:173 - Successfully Sent the following keys: 'This is James Bond 007' to element: <[[ChromeDriver: chrome on XP (356efec2d02f2d7ccf2be51e6f8ca2a4)] -> xpath: //textarea[@name='message']]>
28-04-2020 16:25:12 [main] INFO  BasePage:63 - Successfully clicked on the WebElement: <Proxy element for: DefaultElementLocator 'By.xpath: //div[@class='text-center']//input[2]'>
28-04-2020 16:25:22 [main] INFO  BasePage:14 - Launching the browser.........
28-04-2020 16:25:32 [main] ERROR BasePage:304 - Exception! waiting for the URL: http://www.webdriveruniversity.com/Contact-Us/contactus.html,  Exception: Expected condition failed: waiting for url to match the regex "http://www.webdriveruniversity.com/Contact-Us/contactus.html". Current url: "data:," (tried for 10 second(s) with 500 milliseconds interval)
Build info: version: '3.11.0', revision: 'e59cfb3', time: '2018-03-11T20:26:55.152Z'
System info: host: 'LAPTOP-LERH1RJE', ip: '192.168.1.64', os.name: 'Windows 10', os.arch: 'amd64', os.version: '10.0', java.version: '1.8.0_241'
Driver info: org.openqa.selenium.chrome.ChromeDriver
Capabilities {acceptInsecureCerts: false, acceptSslCerts: false, applicationCacheEnabled: false, browserConnectionEnabled: false, browserName: chrome, chrome: {chromedriverVersion: 2.38.552522 (437e6fbedfa876..., userDataDir: C:\Users\44750\AppData\Loca...}, cssSelectorsEnabled: true, databaseEnabled: false, handlesAlerts: true, hasTouchScreen: false, javascriptEnabled: true, locationContextEnabled: true, mobileEmulationEnabled: false, nativeEvents: true, networkConnectionEnabled: false, pageLoadStrategy: normal, platform: XP, platformName: XP, rotatable: false, setWindowRect: true, takesHeapSnapshot: true, takesScreenshot: true, unexpectedAlertBehaviour: , unhandledPromptBehavior: , version: 81.0.4044.122, webStorageEnabled: true}
Session ID: 3339689f6254f63762ab1a130d6d5177
28-04-2020 16:25:33 [main] INFO  BasePage:240 - WebElement is visible using locator: <[[ChromeDriver: chrome on XP (3339689f6254f63762ab1a130d6d5177)] -> xpath: //input[@placeholder='First Name']]>
28-04-2020 16:25:34 [main] INFO  BasePage:173 - Successfully Sent the following keys: 'James' to element: <[[ChromeDriver: chrome on XP (3339689f6254f63762ab1a130d6d5177)] -> xpath: //input[@placeholder='First Name']]>
28-04-2020 16:25:34 [main] INFO  BasePage:240 - WebElement is visible using locator: <[[ChromeDriver: chrome on XP (3339689f6254f63762ab1a130d6d5177)] -> xpath: //input[@name='last_name']]>
28-04-2020 16:25:34 [main] INFO  BasePage:173 - Successfully Sent the following keys: 'Bond' to element: <[[ChromeDriver: chrome on XP (3339689f6254f63762ab1a130d6d5177)] -> xpath: //input[@name='last_name']]>
28-04-2020 16:25:34 [main] INFO  BasePage:240 - WebElement is visible using locator: <[[ChromeDriver: chrome on XP (3339689f6254f63762ab1a130d6d5177)] -> xpath: //input[@name='email']]>
28-04-2020 16:25:34 [main] INFO  BasePage:173 - Successfully Sent the following keys: 'jamesbond@' to element: <[[ChromeDriver: chrome on XP (3339689f6254f63762ab1a130d6d5177)] -> xpath: //input[@name='email']]>
28-04-2020 16:25:35 [main] INFO  BasePage:240 - WebElement is visible using locator: <[[ChromeDriver: chrome on XP (3339689f6254f63762ab1a130d6d5177)] -> xpath: //textarea[@name='message']]>
28-04-2020 16:25:35 [main] INFO  BasePage:173 - Successfully Sent the following keys: 'This is not James Bond 007 but BatMan' to element: <[[ChromeDriver: chrome on XP (3339689f6254f63762ab1a130d6d5177)] -> xpath: //textarea[@name='message']]>
28-04-2020 16:25:36 [main] INFO  BasePage:63 - Successfully clicked on the WebElement: <Proxy element for: DefaultElementLocator 'By.xpath: //div[@class='text-center']//input[2]'>
28-04-2020 16:25:47 [main] INFO  BasePage:14 - Launching the browser.........
28-04-2020 16:25:57 [main] ERROR BasePage:304 - Exception! waiting for the URL: http://www.webdriveruniversity.com/Page-Object-Model/products.html,  Exception: Expected condition failed: waiting for url to match the regex "http://www.webdriveruniversity.com/Page-Object-Model/products.html". Current url: "data:," (tried for 10 second(s) with 500 milliseconds interval)
Build info: version: '3.11.0', revision: 'e59cfb3', time: '2018-03-11T20:26:55.152Z'
System info: host: 'LAPTOP-LERH1RJE', ip: '192.168.1.64', os.name: 'Windows 10', os.arch: 'amd64', os.version: '10.0', java.version: '1.8.0_241'
Driver info: org.openqa.selenium.chrome.ChromeDriver
Capabilities {acceptInsecureCerts: false, acceptSslCerts: false, applicationCacheEnabled: false, browserConnectionEnabled: false, browserName: chrome, chrome: {chromedriverVersion: 2.38.552522 (437e6fbedfa876..., userDataDir: C:\Users\44750\AppData\Loca...}, cssSelectorsEnabled: true, databaseEnabled: false, handlesAlerts: true, hasTouchScreen: false, javascriptEnabled: true, locationContextEnabled: true, mobileEmulationEnabled: false, nativeEvents: true, networkConnectionEnabled: false, pageLoadStrategy: normal, platform: XP, platformName: XP, rotatable: false, setWindowRect: true, takesHeapSnapshot: true, takesScreenshot: true, unexpectedAlertBehaviour: , unhandledPromptBehavior: , version: 81.0.4044.122, webStorageEnabled: true}
Session ID: db3eceff95c95b104fe169fd4e1198ae
28-04-2020 16:26:00 [main] INFO  BasePage:252 - Element is visible using By locator: <By.cssSelector: #special-offers>
28-04-2020 16:26:07 [main] INFO  BasePage:240 - WebElement is visible using locator: <[[ChromeDriver: chrome on XP (db3eceff95c95b104fe169fd4e1198ae)] -> xpath: .//*[@id='myModal']//b[contains(text(),'NEWCUSTOMER')]]>
28-04-2020 16:26:08 [main] INFO  BasePage:63 - Successfully clicked on the WebElement: <[[ChromeDriver: chrome on XP (db3eceff95c95b104fe169fd4e1198ae)] -> xpath: //button[text()='Proceed']]>
